<?xml version="1.0" encoding="UTF-8"?>
<testsuite xmlns:xsi="http://www.w3.org/2001/XMLSchema-instance" xsi:noNamespaceSchemaLocation="https://maven.apache.org/surefire/maven-surefire-plugin/xsd/surefire-test-report.xsd" name="generation.OrderAuthTest" time="0.4" tests="23" errors="0" skipped="0" failures="0">
  <properties>
[...]
</properties>
  <testcase name="authorizationTest[0: resource(custis.easyabac.api.test.helper.TestDataHelper$$Lambda$10/523691575@4f9a3314) and action(custis.easyabac.api.test.helper.TestDataHelper$$Lambda$11/1354011814@3b2c72c2). Expecting permit = (false)]" classname="generation.OrderAuthTest" time="0.147"/>
  <testcase name="authorizationTest[1: resource(custis.easyabac.api.test.helper.TestDataHelper$$Lambda$10/523691575@971d0d8) and action(custis.easyabac.api.test.helper.TestDataHelper$$Lambda$11/1354011814@51931956). Expecting permit = (false)]" classname="generation.OrderAuthTest" time="0.003"/>
  <testcase name="authorizationTest[2: resource(custis.easyabac.api.test.helper.TestDataHelper$$Lambda$10/523691575@2b4a2ec7) and action(custis.easyabac.api.test.helper.TestDataHelper$$Lambda$11/1354011814@564718df). Expecting permit = (false)]" classname="generation.OrderAuthTest" time="0.003"/>
  <testcase name="authorizationTest[3: resource(custis.easyabac.api.test.helper.TestDataHelper$$Lambda$10/523691575@51b7e5df) and action(custis.easyabac.api.test.helper.TestDataHelper$$Lambda$11/1354011814@18a70f16). Expecting permit = (false)]" classname="generation.OrderAuthTest" time="0.003"/>
  <testcase name="authorizationTest[4: resource(custis.easyabac.api.test.helper.TestDataHelper$$Lambda$10/523691575@62e136d3) and action(custis.easyabac.api.test.helper.TestDataHelper$$Lambda$11/1354011814@c8e4bb0). Expecting permit = (false)]" classname="generation.OrderAuthTest" time="0.003"/>
  <testcase name="authorizationTest[5: resource(custis.easyabac.api.test.helper.TestDataHelper$$Lambda$10/523691575@6279cee3) and action(custis.easyabac.api.test.helper.TestDataHelper$$Lambda$11/1354011814@4206a205). Expecting permit = (false)]" classname="generation.OrderAuthTest" time="0.003"/>
  <testcase name="authorizationTest[6: resource(custis.easyabac.api.test.helper.TestDataHelper$$Lambda$10/523691575@29ba4338) and action(custis.easyabac.api.test.helper.TestDataHelper$$Lambda$11/1354011814@57175e74). Expecting permit = (false)]" classname="generation.OrderAuthTest" time="0.002"/>
  <testcase name="authorizationTest[7: resource(custis.easyabac.api.test.helper.TestDataHelper$$Lambda$10/523691575@7bb58ca3) and action(custis.easyabac.api.test.helper.TestDataHelper$$Lambda$11/1354011814@c540f5a). Expecting permit = (false)]" classname="generation.OrderAuthTest" time="0.003"/>
  <testcase name="authorizationTest[8: resource(custis.easyabac.api.test.helper.TestDataHelper$$Lambda$10/523691575@770c2e6b) and action(custis.easyabac.api.test.helper.TestDataHelper$$Lambda$11/1354011814@1a052a00). Expecting permit = (false)]" classname="generation.OrderAuthTest" time="0.002"/>
  <testcase name="authorizationTest[9: resource(custis.easyabac.api.test.helper.TestDataHelper$$Lambda$10/523691575@4d826d77) and action(custis.easyabac.api.test.helper.TestDataHelper$$Lambda$11/1354011814@61009542). Expecting permit = (false)]" classname="generation.OrderAuthTest" time="0.002"/>
  <testcase name="authorizationTest[10: resource(custis.easyabac.api.test.helper.TestDataHelper$$Lambda$10/523691575@77e9807f) and action(custis.easyabac.api.test.helper.TestDataHelper$$Lambda$11/1354011814@448ff1a8). Expecting permit = (false)]" classname="generation.OrderAuthTest" time="0.002"/>
  <testcase name="authorizationTest[11: resource(custis.easyabac.api.test.helper.TestDataHelper$$Lambda$10/523691575@1a38c59b) and action(custis.easyabac.api.test.helper.TestDataHelper$$Lambda$11/1354011814@7f77e91b). Expecting permit = (false)]" classname="generation.OrderAuthTest" time="0.002"/>
  <testcase name="authorizationTest[12: resource(custis.easyabac.api.test.helper.TestDataHelper$$Lambda$10/523691575@44a664f2) and action(custis.easyabac.api.test.helper.TestDataHelper$$Lambda$11/1354011814@7f9fcf7f). Expecting permit = (false)]" classname="generation.OrderAuthTest" time="0.001"/>
  <testcase name="authorizationTest[13: resource(custis.easyabac.api.test.helper.TestDataHelper$$Lambda$10/523691575@2357d90a) and action(custis.easyabac.api.test.helper.TestDataHelper$$Lambda$11/1354011814@6328d34a). Expecting permit = (false)]" classname="generation.OrderAuthTest" time="0.001"/>
  <testcase name="authorizationTest[14: resource(custis.easyabac.api.test.helper.TestDataHelper$$Lambda$10/523691575@145eaa29) and action(custis.easyabac.api.test.helper.TestDataHelper$$Lambda$11/1354011814@15bb6bea). Expecting permit = (false)]" classname="generation.OrderAuthTest" time="0.001"/>
  <testcase name="authorizationTest[15: resource(custis.easyabac.api.test.helper.TestDataHelper$$Lambda$10/523691575@8b96fde) and action(custis.easyabac.api.test.helper.TestDataHelper$$Lambda$11/1354011814@2d2e5f00). Expecting permit = (false)]" classname="generation.OrderAuthTest" time="0.002"/>
  <testcase name="authorizationTest[16: resource(custis.easyabac.api.test.helper.TestDataHelper$$Lambda$10/523691575@4c40b76e) and action(custis.easyabac.api.test.helper.TestDataHelper$$Lambda$11/1354011814@2ea6137). Expecting permit = (false)]" classname="generation.OrderAuthTest" time="0.001"/>
  <testcase name="authorizationTest[17: resource(custis.easyabac.api.test.helper.TestDataHelper$$Lambda$10/523691575@41ee392b) and action(custis.easyabac.api.test.helper.TestDataHelper$$Lambda$11/1354011814@1e67a849). Expecting permit = (false)]" classname="generation.OrderAuthTest" time="0.001"/>
  <testcase name="authorizationTest[18: resource(custis.easyabac.api.test.helper.TestDataHelper$$Lambda$10/523691575@57d5872c) and action(custis.easyabac.api.test.helper.TestDataHelper$$Lambda$11/1354011814@667a738). Expecting permit = (false)]" classname="generation.OrderAuthTest" time="0.001"/>
  <testcase name="authorizationTest[19: resource(custis.easyabac.api.test.helper.TestDataHelper$$Lambda$10/523691575@36f0f1be) and action(custis.easyabac.api.test.helper.TestDataHelper$$Lambda$11/1354011814@157632c9). Expecting permit = (false)]" classname="generation.OrderAuthTest" time="0.002"/>
  <testcase name="authorizationTest[20: resource(custis.easyabac.api.test.helper.TestDataHelper$$Lambda$10/523691575@6ee12bac) and action(custis.easyabac.api.test.helper.TestDataHelper$$Lambda$11/1354011814@55040f2f). Expecting permit = (false)]" classname="generation.OrderAuthTest" time="0.001"/>
  <testcase name="authorizationTest[21: resource(custis.easyabac.api.test.helper.TestDataHelper$$Lambda$10/523691575@64c87930) and action(custis.easyabac.api.test.helper.TestDataHelper$$Lambda$11/1354011814@400cff1a). Expecting permit = (false)]" classname="generation.OrderAuthTest" time="0.001"/>
  <testcase name="authorizationTest[22: resource(custis.easyabac.api.test.helper.TestDataHelper$$Lambda$10/523691575@275710fc) and action(custis.easyabac.api.test.helper.TestDataHelper$$Lambda$11/1354011814@525f1e4e). Expecting permit = (false)]" classname="generation.OrderAuthTest" time="0.001"/>
</testsuite>