<?xml version="1.0" encoding="UTF-8"?>
<testsuite name="custis.easyabac.api.impl.AttributeValueExtractorTest" time="0.039" tests="3" errors="0" skipped="0" failures="0">
  <properties>
[...]
</properties>
  <testcase name="checkExtractorDefault" classname="custis.easyabac.api.impl.AttributeValueExtractorTest" time="0.037"/>
  <testcase name="checkExtractorImpl" classname="custis.easyabac.api.impl.AttributeValueExtractorTest" time="0"/>
  <testcase name="checkExtractorAnnotated" classname="custis.easyabac.api.impl.AttributeValueExtractorTest" time="0.002"/>
</testsuite>